

Version:	3.9
CmdLine:	C:\Users\Lelp\Dropbox\Ufes\8o Periodo\Redes\Trabalho 1\lcast.exe --l4j-debug
WOW64:		yes
Working dir:	C:\Users\Lelp\Dropbox\Ufes\8o Periodo\Redes\Trabalho 1\.
64-bit search:	SOFTWARE\JavaSoft\Java Runtime Environment...
Check:		SOFTWARE\JavaSoft\Java Runtime Environment\1.8
Check launcher:	C:\Program Files\Java\jre1.8.0_101\bin\javaw.exe (OK)
Match:		1.8
Check:		SOFTWARE\JavaSoft\Java Runtime Environment\1.8.0_101
Check launcher:	C:\Program Files\Java\jre1.8.0_101\bin\javaw.exe (OK)
Match:		1.8.0_101
64-bit search:	SOFTWARE\JavaSoft\Java Development Kit...
Runtime used:	1.8.0_101 (64-bit)
Launcher:	C:\Program Files\Java\jre1.8.0_101\bin\javaw.exe
Launcher args:	-jar "C:\Users\Lelp\Dropbox\Ufes\8o Periodo\Redes\Trabalho 1\lcast.exe"
Args length:	71/32768 chars
Exit code:	0


Version:	3.9
CmdLine:	C:\Users\Lelp\Dropbox\Ufes\8o Periodo\Redes\Trabalho 1\lcast.exe --l4j-debug
WOW64:		yes
Working dir:	C:\Users\Lelp\Dropbox\Ufes\8o Periodo\Redes\Trabalho 1\.
64-bit search:	SOFTWARE\JavaSoft\Java Runtime Environment...
Check:		SOFTWARE\JavaSoft\Java Runtime Environment\1.8
Check launcher:	C:\Program Files\Java\jre1.8.0_101\bin\javaw.exe (OK)
Match:		1.8
Check:		SOFTWARE\JavaSoft\Java Runtime Environment\1.8.0_101
Check launcher:	C:\Program Files\Java\jre1.8.0_101\bin\javaw.exe (OK)
Match:		1.8.0_101
64-bit search:	SOFTWARE\JavaSoft\Java Development Kit...
Runtime used:	1.8.0_101 (64-bit)
Launcher:	C:\Program Files\Java\jre1.8.0_101\bin\javaw.exe
Launcher args:	-jar "C:\Users\Lelp\Dropbox\Ufes\8o Periodo\Redes\Trabalho 1\lcast.exe"
Args length:	71/32768 chars
Exit code:	0


Version:	3.9
CmdLine:	C:\Users\Lelp\Dropbox\Ufes\8o Periodo\Redes\Trabalho 1\lcast.exe --l4j-debug
WOW64:		yes
Working dir:	C:\Users\Lelp\Dropbox\Ufes\8o Periodo\Redes\Trabalho 1\.
64-bit search:	SOFTWARE\JavaSoft\Java Runtime Environment...
Check:		SOFTWARE\JavaSoft\Java Runtime Environment\1.8
Check launcher:	C:\Program Files\Java\jre1.8.0_101\bin\javaw.exe (OK)
Match:		1.8
Check:		SOFTWARE\JavaSoft\Java Runtime Environment\1.8.0_101
Check launcher:	C:\Program Files\Java\jre1.8.0_101\bin\javaw.exe (OK)
Match:		1.8.0_101
64-bit search:	SOFTWARE\JavaSoft\Java Development Kit...
Runtime used:	1.8.0_101 (64-bit)
Launcher:	C:\Program Files\Java\jre1.8.0_101\bin\javaw.exe
Launcher args:	-jar "C:\Users\Lelp\Dropbox\Ufes\8o Periodo\Redes\Trabalho 1\lcast.exe"
Args length:	71/32768 chars
Exit code:	0


Version:	3.9
CmdLine:	C:\Users\Lelp\Dropbox\Ufes\8o Periodo\Redes\Trabalho 1\lcast.exe --l4j-debug
WOW64:		yes
Working dir:	C:\Users\Lelp\Dropbox\Ufes\8o Periodo\Redes\Trabalho 1\.\Codigo
64-bit search:	SOFTWARE\JavaSoft\Java Runtime Environment...
Check:		SOFTWARE\JavaSoft\Java Runtime Environment\1.8
Check launcher:	C:\Program Files\Java\jre1.8.0_101\bin\javaw.exe (OK)
Match:		1.8
Check:		SOFTWARE\JavaSoft\Java Runtime Environment\1.8.0_101
Check launcher:	C:\Program Files\Java\jre1.8.0_101\bin\javaw.exe (OK)
Match:		1.8.0_101
64-bit search:	SOFTWARE\JavaSoft\Java Development Kit...
Runtime used:	1.8.0_101 (64-bit)
Launcher:	C:\Program Files\Java\jre1.8.0_101\bin\javaw.exe
Launcher args:	-jar "C:\Users\Lelp\Dropbox\Ufes\8o Periodo\Redes\Trabalho 1\lcast.exe"
Args length:	71/32768 chars
Exit code:	0


Version:	3.9
CmdLine:	C:\Users\Lelp\Dropbox\Ufes\8o Periodo\Redes\Trabalho 1\lcast.exe --l4j-debug
WOW64:		yes
Working dir:	C:\Users\Lelp\Dropbox\Ufes\8o Periodo\Redes\Trabalho 1\.\Codigo
64-bit search:	SOFTWARE\JavaSoft\Java Runtime Environment...
Check:		SOFTWARE\JavaSoft\Java Runtime Environment\1.8
Check launcher:	C:\Program Files\Java\jre1.8.0_101\bin\javaw.exe (OK)
Match:		1.8
Check:		SOFTWARE\JavaSoft\Java Runtime Environment\1.8.0_101
Check launcher:	C:\Program Files\Java\jre1.8.0_101\bin\javaw.exe (OK)
Match:		1.8.0_101
64-bit search:	SOFTWARE\JavaSoft\Java Development Kit...
Runtime used:	1.8.0_101 (64-bit)
Launcher:	C:\Program Files\Java\jre1.8.0_101\bin\javaw.exe
Launcher args:	-jar "C:\Users\Lelp\Dropbox\Ufes\8o Periodo\Redes\Trabalho 1\lcast.exe"
Args length:	71/32768 chars
Exit code:	0


Version:	3.9
CmdLine:	C:\Users\Lelp\Dropbox\Ufes\8o Periodo\Redes\Trabalho 1\lcast.exe --l4j-debug
WOW64:		yes
Working dir:	C:\Users\Lelp\Dropbox\Ufes\8o Periodo\Redes\Trabalho 1\.\Codigo
64-bit search:	SOFTWARE\JavaSoft\Java Runtime Environment...
Check:		SOFTWARE\JavaSoft\Java Runtime Environment\1.8
Check launcher:	C:\Program Files\Java\jre1.8.0_101\bin\javaw.exe (OK)
Match:		1.8
Check:		SOFTWARE\JavaSoft\Java Runtime Environment\1.8.0_101
Check launcher:	C:\Program Files\Java\jre1.8.0_101\bin\javaw.exe (OK)
Match:		1.8.0_101
64-bit search:	SOFTWARE\JavaSoft\Java Development Kit...
Runtime used:	1.8.0_101 (64-bit)
Launcher:	C:\Program Files\Java\jre1.8.0_101\bin\javaw.exe
Launcher args:	-jar "C:\Users\Lelp\Dropbox\Ufes\8o Periodo\Redes\Trabalho 1\lcast.exe"
Args length:	71/32768 chars
Exit code:	0


Version:	3.9
CmdLine:	C:\Users\Lelp\Dropbox\Ufes\8o Periodo\Redes\Trabalho 1\lcast.exe --l4j-debug
WOW64:		yes
Working dir:	C:\Users\Lelp\Dropbox\Ufes\8o Periodo\Redes\Trabalho 1\.\Codigo\src
64-bit search:	SOFTWARE\JavaSoft\Java Runtime Environment...
Check:		SOFTWARE\JavaSoft\Java Runtime Environment\1.8
Check launcher:	C:\Program Files\Java\jre1.8.0_101\bin\javaw.exe (OK)
Match:		1.8
Check:		SOFTWARE\JavaSoft\Java Runtime Environment\1.8.0_101
Check launcher:	C:\Program Files\Java\jre1.8.0_101\bin\javaw.exe (OK)
Match:		1.8.0_101
64-bit search:	SOFTWARE\JavaSoft\Java Development Kit...
Runtime used:	1.8.0_101 (64-bit)
Launcher:	C:\Program Files\Java\jre1.8.0_101\bin\javaw.exe
Launcher args:	-jar "C:\Users\Lelp\Dropbox\Ufes\8o Periodo\Redes\Trabalho 1\lcast.exe"
Args length:	71/32768 chars
Exit code:	0


Version:	3.9
CmdLine:	C:\Users\Lelp\Dropbox\Ufes\8o Periodo\Redes\Trabalho 1\lcast.exe --l4j-debug
WOW64:		yes
Working dir:	C:\Users\Lelp\Dropbox\Ufes\8o Periodo\Redes\Trabalho 1\.\Codigo\src
64-bit search:	SOFTWARE\JavaSoft\Java Runtime Environment...
Check:		SOFTWARE\JavaSoft\Java Runtime Environment\1.8
Check launcher:	C:\Program Files\Java\jre1.8.0_101\bin\javaw.exe (OK)
Match:		1.8
Check:		SOFTWARE\JavaSoft\Java Runtime Environment\1.8.0_101
Check launcher:	C:\Program Files\Java\jre1.8.0_101\bin\javaw.exe (OK)
Match:		1.8.0_101
64-bit search:	SOFTWARE\JavaSoft\Java Development Kit...
Runtime used:	1.8.0_101 (64-bit)
Launcher:	C:\Program Files\Java\jre1.8.0_101\bin\javaw.exe
Launcher args:	-jar "C:\Users\Lelp\Dropbox\Ufes\8o Periodo\Redes\Trabalho 1\lcast.exe"
Args length:	71/32768 chars
Exit code:	0


Version:	3.9
CmdLine:	C:\Users\Lelp\Dropbox\Ufes\8o Periodo\Redes\Trabalho 1\lcast.exe --l4j-debug
WOW64:		yes
Working dir:	C:\Users\Lelp\Dropbox\Ufes\8o Periodo\Redes\Trabalho 1\.\Codigo\src
64-bit search:	SOFTWARE\JavaSoft\Java Runtime Environment...
Check:		SOFTWARE\JavaSoft\Java Runtime Environment\1.8
Check launcher:	C:\Program Files\Java\jre1.8.0_101\bin\javaw.exe (OK)
Match:		1.8
Check:		SOFTWARE\JavaSoft\Java Runtime Environment\1.8.0_101
Check launcher:	C:\Program Files\Java\jre1.8.0_101\bin\javaw.exe (OK)
Match:		1.8.0_101
64-bit search:	SOFTWARE\JavaSoft\Java Development Kit...
Runtime used:	1.8.0_101 (64-bit)
Launcher:	C:\Program Files\Java\jre1.8.0_101\bin\javaw.exe
Launcher args:	-jar "C:\Users\Lelp\Dropbox\Ufes\8o Periodo\Redes\Trabalho 1\lcast.exe"
Args length:	71/32768 chars
Exit code:	0


Version:	3.9
CmdLine:	C:\Users\Lelp\Dropbox\Ufes\8o Periodo\Redes\Trabalho 1\lcast.exe --l4j-debug
WOW64:		yes
Working dir:	C:\Users\Lelp\Dropbox\Ufes\8o Periodo\Redes\Trabalho 1\.
64-bit search:	SOFTWARE\JavaSoft\Java Runtime Environment...
Check:		SOFTWARE\JavaSoft\Java Runtime Environment\1.8
Check launcher:	C:\Program Files\Java\jre1.8.0_101\bin\javaw.exe (OK)
Match:		1.8
Check:		SOFTWARE\JavaSoft\Java Runtime Environment\1.8.0_101
Check launcher:	C:\Program Files\Java\jre1.8.0_101\bin\javaw.exe (OK)
Match:		1.8.0_101
64-bit search:	SOFTWARE\JavaSoft\Java Development Kit...
Runtime used:	1.8.0_101 (64-bit)
Launcher:	C:\Program Files\Java\jre1.8.0_101\bin\javaw.exe
Launcher args:	-jar "C:\Users\Lelp\Dropbox\Ufes\8o Periodo\Redes\Trabalho 1\lcast.exe"
Args length:	71/32768 chars
Exit code:	0


Version:	3.9
CmdLine:	C:\Users\Lelp\Dropbox\Ufes\8o Periodo\Redes\Trabalho 1\lcast.exe --l4j-debug
WOW64:		yes
Working dir:	C:\Users\Lelp\Dropbox\Ufes\8o Periodo\Redes\Trabalho 1\.\Codigo
64-bit search:	SOFTWARE\JavaSoft\Java Runtime Environment...
Check:		SOFTWARE\JavaSoft\Java Runtime Environment\1.8
Check launcher:	C:\Program Files\Java\jre1.8.0_101\bin\javaw.exe (OK)
Match:		1.8
Check:		SOFTWARE\JavaSoft\Java Runtime Environment\1.8.0_101
Check launcher:	C:\Program Files\Java\jre1.8.0_101\bin\javaw.exe (OK)
Match:		1.8.0_101
64-bit search:	SOFTWARE\JavaSoft\Java Development Kit...
Runtime used:	1.8.0_101 (64-bit)
Launcher:	C:\Program Files\Java\jre1.8.0_101\bin\javaw.exe
Launcher args:	-jar "C:\Users\Lelp\Dropbox\Ufes\8o Periodo\Redes\Trabalho 1\lcast.exe"
Args length:	71/32768 chars
Exit code:	0


Version:	3.9
CmdLine:	C:\Users\Lelp\Dropbox\Ufes\8o Periodo\Redes\Trabalho 1\lcast.exe --l4j-debug
WOW64:		yes
Working dir:	C:\Users\Lelp\Dropbox\Ufes\8o Periodo\Redes\Trabalho 1\.\Codigo
64-bit search:	SOFTWARE\JavaSoft\Java Runtime Environment...
Check:		SOFTWARE\JavaSoft\Java Runtime Environment\1.8
Check launcher:	C:\Program Files\Java\jre1.8.0_101\bin\javaw.exe (OK)
Match:		1.8
Check:		SOFTWARE\JavaSoft\Java Runtime Environment\1.8.0_101
Check launcher:	C:\Program Files\Java\jre1.8.0_101\bin\javaw.exe (OK)
Match:		1.8.0_101
64-bit search:	SOFTWARE\JavaSoft\Java Development Kit...
Runtime used:	1.8.0_101 (64-bit)
Launcher:	C:\Program Files\Java\jre1.8.0_101\bin\javaw.exe
Launcher args:	-jar "C:\Users\Lelp\Dropbox\Ufes\8o Periodo\Redes\Trabalho 1\lcast.exe"
Args length:	71/32768 chars
Exit code:	0


Version:	3.9
CmdLine:	C:\Users\Lelp\Dropbox\Ufes\8o Periodo\Redes\Trabalho 1\lcast.exe --l4j-debug
WOW64:		yes
Working dir:	C:\Users\Lelp\Dropbox\Ufes\8o Periodo\Redes\Trabalho 1\.\Codigo
64-bit search:	SOFTWARE\JavaSoft\Java Runtime Environment...
Check:		SOFTWARE\JavaSoft\Java Runtime Environment\1.8
Check launcher:	C:\Program Files\Java\jre1.8.0_101\bin\javaw.exe (OK)
Match:		1.8
Check:		SOFTWARE\JavaSoft\Java Runtime Environment\1.8.0_101
Check launcher:	C:\Program Files\Java\jre1.8.0_101\bin\javaw.exe (OK)
Match:		1.8.0_101
64-bit search:	SOFTWARE\JavaSoft\Java Development Kit...
Runtime used:	1.8.0_101 (64-bit)
Launcher:	C:\Program Files\Java\jre1.8.0_101\bin\javaw.exe
Launcher args:	-jar "C:\Users\Lelp\Dropbox\Ufes\8o Periodo\Redes\Trabalho 1\lcast.exe"
Args length:	71/32768 chars
Exit code:	0


Version:	3.9
CmdLine:	C:\Users\Lelp\Dropbox\Ufes\8o Periodo\Redes\Trabalho 1\lcast.exe --l4j-debug
WOW64:		yes
Working dir:	C:\Users\Lelp\Dropbox\Ufes\8o Periodo\Redes\Trabalho 1\.\Codigo
64-bit search:	SOFTWARE\JavaSoft\Java Runtime Environment...
Check:		SOFTWARE\JavaSoft\Java Runtime Environment\1.8
Check launcher:	C:\Program Files\Java\jre1.8.0_101\bin\javaw.exe (OK)
Match:		1.8
Check:		SOFTWARE\JavaSoft\Java Runtime Environment\1.8.0_101
Check launcher:	C:\Program Files\Java\jre1.8.0_101\bin\javaw.exe (OK)
Match:		1.8.0_101
64-bit search:	SOFTWARE\JavaSoft\Java Development Kit...
Runtime used:	1.8.0_101 (64-bit)
Launcher:	C:\Program Files\Java\jre1.8.0_101\bin\javaw.exe
Launcher args:	-jar "C:\Users\Lelp\Dropbox\Ufes\8o Periodo\Redes\Trabalho 1\lcast.exe"
Args length:	71/32768 chars
Exit code:	0


Version:	3.9
CmdLine:	C:\Users\Lelp\Dropbox\Ufes\8o Periodo\Redes\Trabalho 1\lcast.exe --l4j-debug
WOW64:		yes
Working dir:	C:\Users\Lelp\Dropbox\Ufes\8o Periodo\Redes\Trabalho 1\.\Codigo
64-bit search:	SOFTWARE\JavaSoft\Java Runtime Environment...
Check:		SOFTWARE\JavaSoft\Java Runtime Environment\1.8
Ignore:		1.8
Check:		SOFTWARE\JavaSoft\Java Runtime Environment\1.8.0_101
Check launcher:	C:\Program Files\Java\jre1.8.0_101\bin\javaw.exe (OK)
Match:		1.8.0_101
64-bit search:	SOFTWARE\JavaSoft\Java Development Kit...
Runtime used:	1.8.0_101 (64-bit)
Launcher:	C:\Program Files\Java\jre1.8.0_101\bin\javaw.exe
Launcher args:	-jar "C:\Users\Lelp\Dropbox\Ufes\8o Periodo\Redes\Trabalho 1\lcast.exe"
Args length:	71/32768 chars
Exit code:	0


Version:	3.9
CmdLine:	C:\Users\Lelp\Dropbox\Ufes\8o Periodo\Redes\Trabalho 1\lcast.exe --l4j-debug
WOW64:		yes
Working dir:	C:\Users\Lelp\Dropbox\Ufes\8o Periodo\Redes\Trabalho 1\.\Codigo
64-bit search:	SOFTWARE\JavaSoft\Java Runtime Environment...
Check:		SOFTWARE\JavaSoft\Java Runtime Environment\1.8
Ignore:		1.8
Check:		SOFTWARE\JavaSoft\Java Runtime Environment\1.8.0_101
Check launcher:	C:\Program Files\Java\jre1.8.0_101\bin\javaw.exe (OK)
Match:		1.8.0_101
64-bit search:	SOFTWARE\JavaSoft\Java Development Kit...
Runtime used:	1.8.0_101 (64-bit)
Launcher:	C:\Program Files\Java\jre1.8.0_101\bin\javaw.exe
Launcher args:	-jar "C:\Users\Lelp\Dropbox\Ufes\8o Periodo\Redes\Trabalho 1\lcast.exe"
Args length:	71/32768 chars
Exit code:	0


Version:	3.9
CmdLine:	C:\Users\Lelp\Dropbox\Ufes\8o Periodo\Redes\Trabalho 1\lcast.exe --l4j-debug
WOW64:		yes
Working dir:	C:\Users\Lelp\Dropbox\Ufes\8o Periodo\Redes\Trabalho 1\.\Codigo
64-bit search:	SOFTWARE\JavaSoft\Java Runtime Environment...
Check:		SOFTWARE\JavaSoft\Java Runtime Environment\1.8
Ignore:		1.8
Check:		SOFTWARE\JavaSoft\Java Runtime Environment\1.8.0_101
Check launcher:	C:\Program Files\Java\jre1.8.0_101\bin\javaw.exe (OK)
Match:		1.8.0_101
64-bit search:	SOFTWARE\JavaSoft\Java Development Kit...
Runtime used:	1.8.0_101 (64-bit)
Launcher:	C:\Program Files\Java\jre1.8.0_101\bin\javaw.exe
Launcher args:	-jar "C:\Users\Lelp\Dropbox\Ufes\8o Periodo\Redes\Trabalho 1\lcast.exe"
Args length:	71/32768 chars
Exit code:	0


Version:	3.9
CmdLine:	C:\Users\Lelp\Dropbox\Ufes\8o Periodo\Redes\Trabalho 1\lcast.exe --l4j-debug
WOW64:		yes
Working dir:	C:\Users\Lelp\Dropbox\Ufes\8o Periodo\Redes\Trabalho 1\.\Codigo
64-bit search:	SOFTWARE\JavaSoft\Java Runtime Environment...
Check:		SOFTWARE\JavaSoft\Java Runtime Environment\1.8
Ignore:		1.8
Check:		SOFTWARE\JavaSoft\Java Runtime Environment\1.8.0_101
Check launcher:	C:\Program Files\Java\jre1.8.0_101\bin\javaw.exe (OK)
Match:		1.8.0_101
Runtime used:	1.8.0_101 (64-bit)
Launcher:	C:\Program Files\Java\jre1.8.0_101\bin\javaw.exe
Launcher args:	-jar "C:\Users\Lelp\Dropbox\Ufes\8o Periodo\Redes\Trabalho 1\lcast.exe"
Args length:	71/32768 chars
Exit code:	0


Version:	3.9
CmdLine:	C:\Users\Lelp\Dropbox\Ufes\8o Periodo\Redes\Trabalho 1\lcast.exe --l4j-debug
WOW64:		yes
Working dir:	C:\Users\Lelp\Dropbox\Ufes\8o Periodo\Redes\Trabalho 1\.\Codigo
64-bit search:	SOFTWARE\JavaSoft\Java Runtime Environment...
Check:		SOFTWARE\JavaSoft\Java Runtime Environment\1.8
Ignore:		1.8
Check:		SOFTWARE\JavaSoft\Java Runtime Environment\1.8.0_101
Check launcher:	C:\Program Files\Java\jre1.8.0_101\bin\javaw.exe (OK)
Match:		1.8.0_101
64-bit search:	SOFTWARE\JavaSoft\Java Development Kit...
Runtime used:	1.8.0_101 (64-bit)
Launcher:	C:\Program Files\Java\jre1.8.0_101\bin\javaw.exe
Launcher args:	-jar "C:\Users\Lelp\Dropbox\Ufes\8o Periodo\Redes\Trabalho 1\lcast.exe"
Args length:	71/32768 chars
Exit code:	0
